<?xml version="1.0" encoding="UTF-8"?>
<testsuite name="com.example.Backend.BackendApplicationTests" tests="2" skipped="0" failures="0" errors="0" timestamp="2021-11-23T15:37:43" hostname="YUKIS-LENOVO" time="0.036">
  <properties/>
  <testcase name="addition()" classname="com.example.Backend.BackendApplicationTests" time="0.034"/>
  <testcase name="contextLoads()" classname="com.example.Backend.BackendApplicationTests" time="0.001"/>
  <system-out><![CDATA[]]></system-out>
  <system-err><![CDATA[]]></system-err>
</testsuite>
